<?xml version="1.0" encoding="UTF-8"?>
<!-- Generated by org.testng.reporters.JUnitReportReporter -->
<testsuite hostname="LAPTOP-8F9NTEC1" failures="0" tests="1" name="com.actitime.testscript.CustomerModule" time="4.244" errors="1" timestamp="2023-12-30T20:40:29 IST" skipped="0">
  <testcase classname="com.actitime.testscript.CustomerModule" name="testCreateCustomer" time="4.244">
    <error type="java.lang.StackOverflowError">
      <![CDATA[java.lang.StackOverflowError
at com.actitime.pom.TaskListPage.getNewCustomerOption(TaskListPage.java:41)
at com.actitime.pom.TaskListPage.getNewCustomerOption(TaskListPage.java:41)
at com.actitime.pom.TaskListPage.getNewCustomerOption(TaskListPage.java:41)
at com.actitime.pom.TaskListPage.getNewCustomerOption(TaskListPage.java:41)
at com.actitime.pom.TaskListPage.getNewCustomerOption(TaskListPage.java:41)
at com.actitime.pom.TaskListPage.getNewCustomerOption(TaskListPage.java:41)
at com.actitime.pom.TaskListPage.getNewCustomerOption(TaskListPage.java:41)
at com.actitime.pom.TaskListPage.getNewCustomerOption(TaskListPage.java:41)
at com.actitime.pom.TaskListPage.getNewCustomerOption(TaskListPage.java:41)
at com.actitime.pom.TaskListPage.getNewCustomerOption(TaskListPage.java:41)
at com.actitime.pom.TaskListPage.getNewCustomerOption(TaskListPage.java:41)
at com.actitime.pom.TaskListPage.getNewCustomerOption(TaskListPage.java:41)
at com.actitime.pom.TaskListPage.getNewCustomerOption(TaskListPage.java:41)
at com.actitime.pom.TaskListPage.getNewCustomerOption(TaskListPage.java:41)
at com.actitime.pom.TaskListPage.getNewCustomerOption(TaskListPage.java:41)
at com.actitime.pom.TaskListPage.getNewCustomerOption(TaskListPage.java:41)
at com.actitime.pom.TaskListPage.getNewCustomerOption(TaskListPage.java:41)
at com.actitime.pom.TaskListPage.getNewCustomerOption(TaskListPage.java:41)
at com.actitime.pom.TaskListPage.getNewCustomerOption(TaskListPage.java:41)
at com.actitime.pom.TaskListPage.getNewCustomerOption(TaskListPage.java:41)
at com.actitime.pom.TaskListPage.getNewCustomerOption(TaskListPage.java:41)
at com.actitime.pom.TaskListPage.getNewCustomerOption(TaskListPage.java:41)
at com.actitime.pom.TaskListPage.getNewCustomerOption(TaskListPage.java:41)
at com.actitime.pom.TaskListPage.getNewCustomerOption(TaskListPage.java:41)
at com.actitime.pom.TaskListPage.getNewCustomerOption(TaskListPage.java:41)
at com.actitime.pom.TaskListPage.getNewCustomerOption(TaskListPage.java:41)
at com.actitime.pom.TaskListPage.getNewCustomerOption(TaskListPage.java:41)
at com.actitime.pom.TaskListPage.getNewCustomerOption(TaskListPage.java:41)
at com.actitime.pom.TaskListPage.getNewCustomerOption(TaskListPage.java:41)
at com.actitime.pom.TaskListPage.getNewCustomerOption(TaskListPage.java:41)
at com.actitime.pom.TaskListPage.getNewCustomerOption(TaskListPage.java:41)
at com.actitime.pom.TaskListPage.getNewCustomerOption(TaskListPage.java:41)
at com.actitime.pom.TaskListPage.getNewCustomerOption(TaskListPage.java:41)
at com.actitime.pom.TaskListPage.getNewCustomerOption(TaskListPage.java:41)
at com.actitime.pom.TaskListPage.getNewCustomerOption(TaskListPage.java:41)
at com.actitime.pom.TaskListPage.getNewCustomerOption(TaskListPage.java:41)
at com.actitime.pom.TaskListPage.getNewCustomerOption(TaskListPage.java:41)
at com.actitime.pom.TaskListPage.getNewCustomerOption(TaskListPage.java:41)
at com.actitime.pom.TaskListPage.getNewCustomerOption(TaskListPage.java:41)
at com.actitime.pom.TaskListPage.getNewCustomerOption(TaskListPage.java:41)
at com.actitime.pom.TaskListPage.getNewCustomerOption(TaskListPage.java:41)
at com.actitime.pom.TaskListPage.getNewCustomerOption(TaskListPage.java:41)
at com.actitime.pom.TaskListPage.getNewCustomerOption(TaskListPage.java:41)
at com.actitime.pom.TaskListPage.getNewCustomerOption(TaskListPage.java:41)
at com.actitime.pom.TaskListPage.getNewCustomerOption(TaskListPage.java:41)
at com.actitime.pom.TaskListPage.getNewCustomerOption(TaskListPage.java:41)
at com.actitime.pom.TaskListPage.getNewCustomerOption(TaskListPage.java:41)
at com.actitime.pom.TaskListPage.getNewCustomerOption(TaskListPage.java:41)
at com.actitime.pom.TaskListPage.getNewCustomerOption(TaskListPage.java:41)
at com.actitime.pom.TaskListPage.getNewCustomerOption(TaskListPage.java:41)
at com.actitime.pom.TaskListPage.getNewCustomerOption(TaskListPage.java:41)
at com.actitime.pom.TaskListPage.getNewCustomerOption(TaskListPage.java:41)
at com.actitime.pom.TaskListPage.getNewCustomerOption(TaskListPage.java:41)
at com.actitime.pom.TaskListPage.getNewCustomerOption(TaskListPage.java:41)
at com.actitime.pom.TaskListPage.getNewCustomerOption(TaskListPage.java:41)
at com.actitime.pom.TaskListPage.getNewCustomerOption(TaskListPage.java:41)
at com.actitime.pom.TaskListPage.getNewCustomerOption(TaskListPage.java:41)
at com.actitime.pom.TaskListPage.getNewCustomerOption(TaskListPage.java:41)
at com.actitime.pom.TaskListPage.getNewCustomerOption(TaskListPage.java:41)
at com.actitime.pom.TaskListPage.getNewCustomerOption(TaskListPage.java:41)
at com.actitime.pom.TaskListPage.getNewCustomerOption(TaskListPage.java:41)
at com.actitime.pom.TaskListPage.getNewCustomerOption(TaskListPage.java:41)
at com.actitime.pom.TaskListPage.getNewCustomerOption(TaskListPage.java:41)
at com.actitime.pom.TaskListPage.getNewCustomerOption(TaskListPage.java:41)
at com.actitime.pom.TaskListPage.getNewCustomerOption(TaskListPage.java:41)
at com.actitime.pom.TaskListPage.getNewCustomerOption(TaskListPage.java:41)
at com.actitime.pom.TaskListPage.getNewCustomerOption(TaskListPage.java:41)
at com.actitime.pom.TaskListPage.getNewCustomerOption(TaskListPage.java:41)
at com.actitime.pom.TaskListPage.getNewCustomerOption(TaskListPage.java:41)
at com.actitime.pom.TaskListPage.getNewCustomerOption(TaskListPage.java:41)
at com.actitime.pom.TaskListPage.getNewCustomerOption(TaskListPage.java:41)
at com.actitime.pom.TaskListPage.getNewCustomerOption(TaskListPage.java:41)
at com.actitime.pom.TaskListPage.getNewCustomerOption(TaskListPage.java:41)
at com.actitime.pom.TaskListPage.getNewCustomerOption(TaskListPage.java:41)
at com.actitime.pom.TaskListPage.getNewCustomerOption(TaskListPage.java:41)
at com.actitime.pom.TaskListPage.getNewCustomerOption(TaskListPage.java:41)
at com.actitime.pom.TaskListPage.getNewCustomerOption(TaskListPage.java:41)
at com.actitime.pom.TaskListPage.getNewCustomerOption(TaskListPage.java:41)
at com.actitime.pom.TaskListPage.getNewCustomerOption(TaskListPage.java:41)
at com.actitime.pom.TaskListPage.getNewCustomerOption(TaskListPage.java:41)
at com.actitime.pom.TaskListPage.getNewCustomerOption(TaskListPage.java:41)
at com.actitime.pom.TaskListPage.getNewCustomerOption(TaskListPage.java:41)
at com.actitime.pom.TaskListPage.getNewCustomerOption(TaskListPage.java:41)
at com.actitime.pom.TaskListPage.getNewCustomerOption(TaskListPage.java:41)
at com.actitime.pom.TaskListPage.getNewCustomerOption(TaskListPage.java:41)
at com.actitime.pom.TaskListPage.getNewCustomerOption(TaskListPage.java:41)
at com.actitime.pom.TaskListPage.getNewCustomerOption(TaskListPage.java:41)
at com.actitime.pom.TaskListPage.getNewCustomerOption(TaskListPage.java:41)
at com.actitime.pom.TaskListPage.getNewCustomerOption(TaskListPage.java:41)
at com.actitime.pom.TaskListPage.getNewCustomerOption(TaskListPage.java:41)
at com.actitime.pom.TaskListPage.getNewCustomerOption(TaskListPage.java:41)
at com.actitime.pom.TaskListPage.getNewCustomerOption(TaskListPage.java:41)
at com.actitime.pom.TaskListPage.getNewCustomerOption(TaskListPage.java:41)
at com.actitime.pom.TaskListPage.getNewCustomerOption(TaskListPage.java:41)
at com.actitime.pom.TaskListPage.getNewCustomerOption(TaskListPage.java:41)
at com.actitime.pom.TaskListPage.getNewCustomerOption(TaskListPage.java:41)
at com.actitime.pom.TaskListPage.getNewCustomerOption(TaskListPage.java:41)
at com.actitime.pom.TaskListPage.getNewCustomerOption(TaskListPage.java:41)
at com.actitime.pom.TaskListPage.getNewCustomerOption(TaskListPage.java:41)
at com.actitime.pom.TaskListPage.getNewCustomerOption(TaskListPage.java:41)
at com.actitime.pom.TaskListPage.getNewCustomerOption(TaskListPage.java:41)
at com.actitime.pom.TaskListPage.getNewCustomerOption(TaskListPage.java:41)
at com.actitime.pom.TaskListPage.getNewCustomerOption(TaskListPage.java:41)
at com.actitime.pom.TaskListPage.getNewCustomerOption(TaskListPage.java:41)
at com.actitime.pom.TaskListPage.getNewCustomerOption(TaskListPage.java:41)
at com.actitime.pom.TaskListPage.getNewCustomerOption(TaskListPage.java:41)
at com.actitime.pom.TaskListPage.getNewCustomerOption(TaskListPage.java:41)
at com.actitime.pom.TaskListPage.getNewCustomerOption(TaskListPage.java:41)
at com.actitime.pom.TaskListPage.getNewCustomerOption(TaskListPage.java:41)
at com.actitime.pom.TaskListPage.getNewCustomerOption(TaskListPage.java:41)
at com.actitime.pom.TaskListPage.getNewCustomerOption(TaskListPage.java:41)
at com.actitime.pom.TaskListPage.getNewCustomerOption(TaskListPage.java:41)
at com.actitime.pom.TaskListPage.getNewCustomerOption(TaskListPage.java:41)
at com.actitime.pom.TaskListPage.getNewCustomerOption(TaskListPage.java:41)
at com.actitime.pom.TaskListPage.getNewCustomerOption(TaskListPage.java:41)
at com.actitime.pom.TaskListPage.getNewCustomerOption(TaskListPage.java:41)
at com.actitime.pom.TaskListPage.getNewCustomerOption(TaskListPage.java:41)
at com.actitime.pom.TaskListPage.getNewCustomerOption(TaskListPage.java:41)
at com.actitime.pom.TaskListPage.getNewCustomerOption(TaskListPage.java:41)
at com.actitime.pom.TaskListPage.getNewCustomerOption(TaskListPage.java:41)
at com.actitime.pom.TaskListPage.getNewCustomerOption(TaskListPage.java:41)
at com.actitime.pom.TaskListPage.getNewCustomerOption(TaskListPage.java:41)
at com.actitime.pom.TaskListPage.getNewCustomerOption(TaskListPage.java:41)
at com.actitime.pom.TaskListPage.getNewCustomerOption(TaskListPage.java:41)
at com.actitime.pom.TaskListPage.getNewCustomerOption(TaskListPage.java:41)
at com.actitime.pom.TaskListPage.getNewCustomerOption(TaskListPage.java:41)
at com.actitime.pom.TaskListPage.getNewCustomerOption(TaskListPage.java:41)
at com.actitime.pom.TaskListPage.getNewCustomerOption(TaskListPage.java:41)
at com.actitime.pom.TaskListPage.getNewCustomerOption(TaskListPage.java:41)
at com.actitime.pom.TaskListPage.getNewCustomerOption(TaskListPage.java:41)
at com.actitime.pom.TaskListPage.getNewCustomerOption(TaskListPage.java:41)
at com.actitime.pom.TaskListPage.getNewCustomerOption(TaskListPage.java:41)
at com.actitime.pom.TaskListPage.getNewCustomerOption(TaskListPage.java:41)
at com.actitime.pom.TaskListPage.getNewCustomerOption(TaskListPage.java:41)
at com.actitime.pom.TaskListPage.getNewCustomerOption(TaskListPage.java:41)
at com.actitime.pom.TaskListPage.getNewCustomerOption(TaskListPage.java:41)
at com.actitime.pom.TaskListPage.getNewCustomerOption(TaskListPage.java:41)
at com.actitime.pom.TaskListPage.getNewCustomerOption(TaskListPage.java:41)
at com.actitime.pom.TaskListPage.getNewCustomerOption(TaskListPage.java:41)
at com.actitime.pom.TaskListPage.getNewCustomerOption(TaskListPage.java:41)
at com.actitime.pom.TaskListPage.getNewCustomerOption(TaskListPage.java:41)
at com.actitime.pom.TaskListPage.getNewCustomerOption(TaskListPage.java:41)
at com.actitime.pom.TaskListPage.getNewCustomerOption(TaskListPage.java:41)
at com.actitime.pom.TaskListPage.getNewCustomerOption(TaskListPage.java:41)
at com.actitime.pom.TaskListPage.getNewCustomerOption(TaskListPage.java:41)
at com.actitime.pom.TaskListPage.getNewCustomerOption(TaskListPage.java:41)
at com.actitime.pom.TaskListPage.getNewCustomerOption(TaskListPage.java:41)
at com.actitime.pom.TaskListPage.getNewCustomerOption(TaskListPage.java:41)
at com.actitime.pom.TaskListPage.getNewCustomerOption(TaskListPage.java:41)
at com.actitime.pom.TaskListPage.getNewCustomerOption(TaskListPage.java:41)
at com.actitime.pom.TaskListPage.getNewCustomerOption(TaskListPage.java:41)
at com.actitime.pom.TaskListPage.getNewCustomerOption(TaskListPage.java:41)
at com.actitime.pom.TaskListPage.getNewCustomerOption(TaskListPage.java:41)
at com.actitime.pom.TaskListPage.getNewCustomerOption(TaskListPage.java:41)
at com.actitime.pom.TaskListPage.getNewCustomerOption(TaskListPage.java:41)
at com.actitime.pom.TaskListPage.getNewCustomerOption(TaskListPage.java:41)
at com.actitime.pom.TaskListPage.getNewCustomerOption(TaskListPage.java:41)
at com.actitime.pom.TaskListPage.getNewCustomerOption(TaskListPage.java:41)
at com.actitime.pom.TaskListPage.getNewCustomerOption(TaskListPage.java:41)
at com.actitime.pom.TaskListPage.getNewCustomerOption(TaskListPage.java:41)
at com.actitime.pom.TaskListPage.getNewCustomerOption(TaskListPage.java:41)
at com.actitime.pom.TaskListPage.getNewCustomerOption(TaskListPage.java:41)
at com.actitime.pom.TaskListPage.getNewCustomerOption(TaskListPage.java:41)
at com.actitime.pom.TaskListPage.getNewCustomerOption(TaskListPage.java:41)
at com.actitime.pom.TaskListPage.getNewCustomerOption(TaskListPage.java:41)
at com.actitime.pom.TaskListPage.getNewCustomerOption(TaskListPage.java:41)
at com.actitime.pom.TaskListPage.getNewCustomerOption(TaskListPage.java:41)
at com.actitime.pom.TaskListPage.getNewCustomerOption(TaskListPage.java:41)
at com.actitime.pom.TaskListPage.getNewCustomerOption(TaskListPage.java:41)
at com.actitime.pom.TaskListPage.getNewCustomerOption(TaskListPage.java:41)
at com.actitime.pom.TaskListPage.getNewCustomerOption(TaskListPage.java:41)
at com.actitime.pom.TaskListPage.getNewCustomerOption(TaskListPage.java:41)
at com.actitime.pom.TaskListPage.getNewCustomerOption(TaskListPage.java:41)
at com.actitime.pom.TaskListPage.getNewCustomerOption(TaskListPage.java:41)
at com.actitime.pom.TaskListPage.getNewCustomerOption(TaskListPage.java:41)
at com.actitime.pom.TaskListPage.getNewCustomerOption(TaskListPage.java:41)
at com.actitime.pom.TaskListPage.getNewCustomerOption(TaskListPage.java:41)
at com.actitime.pom.TaskListPage.getNewCustomerOption(TaskListPage.java:41)
at com.actitime.pom.TaskListPage.getNewCustomerOption(TaskListPage.java:41)
at com.actitime.pom.TaskListPage.getNewCustomerOption(TaskListPage.java:41)
at com.actitime.pom.TaskListPage.getNewCustomerOption(TaskListPage.java:41)
at com.actitime.pom.TaskListPage.getNewCustomerOption(TaskListPage.java:41)
at com.actitime.pom.TaskListPage.getNewCustomerOption(TaskListPage.java:41)
at com.actitime.pom.TaskListPage.getNewCustomerOption(TaskListPage.java:41)
at com.actitime.pom.TaskListPage.getNewCustomerOption(TaskListPage.java:41)
at com.actitime.pom.TaskListPage.getNewCustomerOption(TaskListPage.java:41)
at com.actitime.pom.TaskListPage.getNewCustomerOption(TaskListPage.java:41)
at com.actitime.pom.TaskListPage.getNewCustomerOption(TaskListPage.java:41)
at com.actitime.pom.TaskListPage.getNewCustomerOption(TaskListPage.java:41)
at com.actitime.pom.TaskListPage.getNewCustomerOption(TaskListPage.java:41)
at com.actitime.pom.TaskListPage.getNewCustomerOption(TaskListPage.java:41)
at com.actitime.pom.TaskListPage.getNewCustomerOption(TaskListPage.java:41)
at com.actitime.pom.TaskListPage.getNewCustomerOption(TaskListPage.java:41)
at com.actitime.pom.TaskListPage.getNewCustomerOption(TaskListPage.java:41)
at com.actitime.pom.TaskListPage.getNewCustomerOption(TaskListPage.java:41)
at com.actitime.pom.TaskListPage.getNewCustomerOption(TaskListPage.java:41)
at com.actitime.pom.TaskListPage.getNewCustomerOption(TaskListPage.java:41)
at com.actitime.pom.TaskListPage.getNewCustomerOption(TaskListPage.java:41)
at com.actitime.pom.TaskListPage.getNewCustomerOption(TaskListPage.java:41)
at com.actitime.pom.TaskListPage.getNewCustomerOption(TaskListPage.java:41)
at com.actitime.pom.TaskListPage.getNewCustomerOption(TaskListPage.java:41)
at com.actitime.pom.TaskListPage.getNewCustomerOption(TaskListPage.java:41)
at com.actitime.pom.TaskListPage.getNewCustomerOption(TaskListPage.java:41)
at com.actitime.pom.TaskListPage.getNewCustomerOption(TaskListPage.java:41)
at com.actitime.pom.TaskListPage.getNewCustomerOption(TaskListPage.java:41)
at com.actitime.pom.TaskListPage.getNewCustomerOption(TaskListPage.java:41)
at com.actitime.pom.TaskListPage.getNewCustomerOption(TaskListPage.java:41)
at com.actitime.pom.TaskListPage.getNewCustomerOption(TaskListPage.java:41)
at com.actitime.pom.TaskListPage.getNewCustomerOption(TaskListPage.java:41)
at com.actitime.pom.TaskListPage.getNewCustomerOption(TaskListPage.java:41)
at com.actitime.pom.TaskListPage.getNewCustomerOption(TaskListPage.java:41)
at com.actitime.pom.TaskListPage.getNewCustomerOption(TaskListPage.java:41)
at com.actitime.pom.TaskListPage.getNewCustomerOption(TaskListPage.java:41)
at com.actitime.pom.TaskListPage.getNewCustomerOption(TaskListPage.java:41)
at com.actitime.pom.TaskListPage.getNewCustomerOption(TaskListPage.java:41)
at com.actitime.pom.TaskListPage.getNewCustomerOption(TaskListPage.java:41)
at com.actitime.pom.TaskListPage.getNewCustomerOption(TaskListPage.java:41)
at com.actitime.pom.TaskListPage.getNewCustomerOption(TaskListPage.java:41)
at com.actitime.pom.TaskListPage.getNewCustomerOption(TaskListPage.java:41)
at com.actitime.pom.TaskListPage.getNewCustomerOption(TaskListPage.java:41)
at com.actitime.pom.TaskListPage.getNewCustomerOption(TaskListPage.java:41)
at com.actitime.pom.TaskListPage.getNewCustomerOption(TaskListPage.java:41)
at com.actitime.pom.TaskListPage.getNewCustomerOption(TaskListPage.java:41)
at com.actitime.pom.TaskListPage.getNewCustomerOption(TaskListPage.java:41)
at com.actitime.pom.TaskListPage.getNewCustomerOption(TaskListPage.java:41)
at com.actitime.pom.TaskListPage.getNewCustomerOption(TaskListPage.java:41)
at com.actitime.pom.TaskListPage.getNewCustomerOption(TaskListPage.java:41)
at com.actitime.pom.TaskListPage.getNewCustomerOption(TaskListPage.java:41)
at com.actitime.pom.TaskListPage.getNewCustomerOption(TaskListPage.java:41)
at com.actitime.pom.TaskListPage.getNewCustomerOption(TaskListPage.java:41)
at com.actitime.pom.TaskListPage.getNewCustomerOption(TaskListPage.java:41)
at com.actitime.pom.TaskListPage.getNewCustomerOption(TaskListPage.java:41)
at com.actitime.pom.TaskListPage.getNewCustomerOption(TaskListPage.java:41)
at com.actitime.pom.TaskListPage.getNewCustomerOption(TaskListPage.java:41)
at com.actitime.pom.TaskListPage.getNewCustomerOption(TaskListPage.java:41)
at com.actitime.pom.TaskListPage.getNewCustomerOption(TaskListPage.java:41)
at com.actitime.pom.TaskListPage.getNewCustomerOption(TaskListPage.java:41)
at com.actitime.pom.TaskListPage.getNewCustomerOption(TaskListPage.java:41)
at com.actitime.pom.TaskListPage.getNewCustomerOption(TaskListPage.java:41)
at com.actitime.pom.TaskListPage.getNewCustomerOption(TaskListPage.java:41)
at com.actitime.pom.TaskListPage.getNewCustomerOption(TaskListPage.java:41)
at com.actitime.pom.TaskListPage.getNewCustomerOption(TaskListPage.java:41)
at com.actitime.pom.TaskListPage.getNewCustomerOption(TaskListPage.java:41)
at com.actitime.pom.TaskListPage.getNewCustomerOption(TaskListPage.java:41)
at com.actitime.pom.TaskListPage.getNewCustomerOption(TaskListPage.java:41)
at com.actitime.pom.TaskListPage.getNewCustomerOption(TaskListPage.java:41)
at com.actitime.pom.TaskListPage.getNewCustomerOption(TaskListPage.java:41)
at com.actitime.pom.TaskListPage.getNewCustomerOption(TaskListPage.java:41)
at com.actitime.pom.TaskListPage.getNewCustomerOption(TaskListPage.java:41)
at com.actitime.pom.TaskListPage.getNewCustomerOption(TaskListPage.java:41)
at com.actitime.pom.TaskListPage.getNewCustomerOption(TaskListPage.java:41)
at com.actitime.pom.TaskListPage.getNewCustomerOption(TaskListPage.java:41)
at com.actitime.pom.TaskListPage.getNewCustomerOption(TaskListPage.java:41)
at com.actitime.pom.TaskListPage.getNewCustomerOption(TaskListPage.java:41)
at com.actitime.pom.TaskListPage.getNewCustomerOption(TaskListPage.java:41)
at com.actitime.pom.TaskListPage.getNewCustomerOption(TaskListPage.java:41)
at com.actitime.pom.TaskListPage.getNewCustomerOption(TaskListPage.java:41)
at com.actitime.pom.TaskListPage.getNewCustomerOption(TaskListPage.java:41)
at com.actitime.pom.TaskListPage.getNewCustomerOption(TaskListPage.java:41)
at com.actitime.pom.TaskListPage.getNewCustomerOption(TaskListPage.java:41)
at com.actitime.pom.TaskListPage.getNewCustomerOption(TaskListPage.java:41)
at com.actitime.pom.TaskListPage.getNewCustomerOption(TaskListPage.java:41)
at com.actitime.pom.TaskListPage.getNewCustomerOption(TaskListPage.java:41)
at com.actitime.pom.TaskListPage.getNewCustomerOption(TaskListPage.java:41)
at com.actitime.pom.TaskListPage.getNewCustomerOption(TaskListPage.java:41)
at com.actitime.pom.TaskListPage.getNewCustomerOption(TaskListPage.java:41)
at com.actitime.pom.TaskListPage.getNewCustomerOption(TaskListPage.java:41)
at com.actitime.pom.TaskListPage.getNewCustomerOption(TaskListPage.java:41)
at com.actitime.pom.TaskListPage.getNewCustomerOption(TaskListPage.java:41)
at com.actitime.pom.TaskListPage.getNewCustomerOption(TaskListPage.java:41)
at com.actitime.pom.TaskListPage.getNewCustomerOption(TaskListPage.java:41)
at com.actitime.pom.TaskListPage.getNewCustomerOption(TaskListPage.java:41)
at com.actitime.pom.TaskListPage.getNewCustomerOption(TaskListPage.java:41)
at com.actitime.pom.TaskListPage.getNewCustomerOption(TaskListPage.java:41)
at com.actitime.pom.TaskListPage.getNewCustomerOption(TaskListPage.java:41)
at com.actitime.pom.TaskListPage.getNewCustomerOption(TaskListPage.java:41)
at com.actitime.pom.TaskListPage.getNewCustomerOption(TaskListPage.java:41)
at com.actitime.pom.TaskListPage.getNewCustomerOption(TaskListPage.java:41)
at com.actitime.pom.TaskListPage.getNewCustomerOption(TaskListPage.java:41)
at com.actitime.pom.TaskListPage.getNewCustomerOption(TaskListPage.java:41)
at com.actitime.pom.TaskListPage.getNewCustomerOption(TaskListPage.java:41)
at com.actitime.pom.TaskListPage.getNewCustomerOption(TaskListPage.java:41)
at com.actitime.pom.TaskListPage.getNewCustomerOption(TaskListPage.java:41)
at com.actitime.pom.TaskListPage.getNewCustomerOption(TaskListPage.java:41)
at com.actitime.pom.TaskListPage.getNewCustomerOption(TaskListPage.java:41)
at com.actitime.pom.TaskListPage.getNewCustomerOption(TaskListPage.java:41)
at com.actitime.pom.TaskListPage.getNewCustomerOption(TaskListPage.java:41)
at com.actitime.pom.TaskListPage.getNewCustomerOption(TaskListPage.java:41)
at com.actitime.pom.TaskListPage.getNewCustomerOption(TaskListPage.java:41)
at com.actitime.pom.TaskListPage.getNewCustomerOption(TaskListPage.java:41)
at com.actitime.pom.TaskListPage.getNewCustomerOption(TaskListPage.java:41)
at com.actitime.pom.TaskListPage.getNewCustomerOption(TaskListPage.java:41)
at com.actitime.pom.TaskListPage.getNewCustomerOption(TaskListPage.java:41)
at com.actitime.pom.TaskListPage.getNewCustomerOption(TaskListPage.java:41)
at com.actitime.pom.TaskListPage.getNewCustomerOption(TaskListPage.java:41)
at com.actitime.pom.TaskListPage.getNewCustomerOption(TaskListPage.java:41)
at com.actitime.pom.TaskListPage.getNewCustomerOption(TaskListPage.java:41)
at com.actitime.pom.TaskListPage.getNewCustomerOption(TaskListPage.java:41)
at com.actitime.pom.TaskListPage.getNewCustomerOption(TaskListPage.java:41)
at com.actitime.pom.TaskListPage.getNewCustomerOption(TaskListPage.java:41)
at com.actitime.pom.TaskListPage.getNewCustomerOption(TaskListPage.java:41)
at com.actitime.pom.TaskListPage.getNewCustomerOption(TaskListPage.java:41)
at com.actitime.pom.TaskListPage.getNewCustomerOption(TaskListPage.java:41)
at com.actitime.pom.TaskListPage.getNewCustomerOption(TaskListPage.java:41)
at com.actitime.pom.TaskListPage.getNewCustomerOption(TaskListPage.java:41)
at com.actitime.pom.TaskListPage.getNewCustomerOption(TaskListPage.java:41)
at com.actitime.pom.TaskListPage.getNewCustomerOption(TaskListPage.java:41)
at com.actitime.pom.TaskListPage.getNewCustomerOption(TaskListPage.java:41)
at com.actitime.pom.TaskListPage.getNewCustomerOption(TaskListPage.java:41)
at com.actitime.pom.TaskListPage.getNewCustomerOption(TaskListPage.java:41)
at com.actitime.pom.TaskListPage.getNewCustomerOption(TaskListPage.java:41)
at com.actitime.pom.TaskListPage.getNewCustomerOption(TaskListPage.java:41)
at com.actitime.pom.TaskListPage.getNewCustomerOption(TaskListPage.java:41)
at com.actitime.pom.TaskListPage.getNewCustomerOption(TaskListPage.java:41)
at com.actitime.pom.TaskListPage.getNewCustomerOption(TaskListPage.java:41)
at com.actitime.pom.TaskListPage.getNewCustomerOption(TaskListPage.java:41)
at com.actitime.pom.TaskListPage.getNewCustomerOption(TaskListPage.java:41)
at com.actitime.pom.TaskListPage.getNewCustomerOption(TaskListPage.java:41)
at com.actitime.pom.TaskListPage.getNewCustomerOption(TaskListPage.java:41)
at com.actitime.pom.TaskListPage.getNewCustomerOption(TaskListPage.java:41)
at com.actitime.pom.TaskListPage.getNewCustomerOption(TaskListPage.java:41)
at com.actitime.pom.TaskListPage.getNewCustomerOption(TaskListPage.java:41)
at com.actitime.pom.TaskListPage.getNewCustomerOption(TaskListPage.java:41)
at com.actitime.pom.TaskListPage.getNewCustomerOption(TaskListPage.java:41)
at com.actitime.pom.TaskListPage.getNewCustomerOption(TaskListPage.java:41)
at com.actitime.pom.TaskListPage.getNewCustomerOption(TaskListPage.java:41)
at com.actitime.pom.TaskListPage.getNewCustomerOption(TaskListPage.java:41)
at com.actitime.pom.TaskListPage.getNewCustomerOption(TaskListPage.java:41)
at com.actitime.pom.TaskListPage.getNewCustomerOption(TaskListPage.java:41)
at com.actitime.pom.TaskListPage.getNewCustomerOption(TaskListPage.java:41)
at com.actitime.pom.TaskListPage.getNewCustomerOption(TaskListPage.java:41)
at com.actitime.pom.TaskListPage.getNewCustomerOption(TaskListPage.java:41)
at com.actitime.pom.TaskListPage.getNewCustomerOption(TaskListPage.java:41)
at com.actitime.pom.TaskListPage.getNewCustomerOption(TaskListPage.java:41)
at com.actitime.pom.TaskListPage.getNewCustomerOption(TaskListPage.java:41)
at com.actitime.pom.TaskListPage.getNewCustomerOption(TaskListPage.java:41)
at com.actitime.pom.TaskListPage.getNewCustomerOption(TaskListPage.java:41)
at com.actitime.pom.TaskListPage.getNewCustomerOption(TaskListPage.java:41)
at com.actitime.pom.TaskListPage.getNewCustomerOption(TaskListPage.java:41)
at com.actitime.pom.TaskListPage.getNewCustomerOption(TaskListPage.java:41)
at com.actitime.pom.TaskListPage.getNewCustomerOption(TaskListPage.java:41)
at com.actitime.pom.TaskListPage.getNewCustomerOption(TaskListPage.java:41)
at com.actitime.pom.TaskListPage.getNewCustomerOption(TaskListPage.java:41)
at com.actitime.pom.TaskListPage.getNewCustomerOption(TaskListPage.java:41)
at com.actitime.pom.TaskListPage.getNewCustomerOption(TaskListPage.java:41)
at com.actitime.pom.TaskListPage.getNewCustomerOption(TaskListPage.java:41)
at com.actitime.pom.TaskListPage.getNewCustomerOption(TaskListPage.java:41)
at com.actitime.pom.TaskListPage.getNewCustomerOption(TaskListPage.java:41)
at com.actitime.pom.TaskListPage.getNewCustomerOption(TaskListPage.java:41)
at com.actitime.pom.TaskListPage.getNewCustomerOption(TaskListPage.java:41)
at com.actitime.pom.TaskListPage.getNewCustomerOption(TaskListPage.java:41)
at com.actitime.pom.TaskListPage.getNewCustomerOption(TaskListPage.java:41)
at com.actitime.pom.TaskListPage.getNewCustomerOption(TaskListPage.java:41)
at com.actitime.pom.TaskListPage.getNewCustomerOption(TaskListPage.java:41)
at com.actitime.pom.TaskListPage.getNewCustomerOption(TaskListPage.java:41)
at com.actitime.pom.TaskListPage.getNewCustomerOption(TaskListPage.java:41)
at com.actitime.pom.TaskListPage.getNewCustomerOption(TaskListPage.java:41)
at com.actitime.pom.TaskListPage.getNewCustomerOption(TaskListPage.java:41)
at com.actitime.pom.TaskListPage.getNewCustomerOption(TaskListPage.java:41)
at com.actitime.pom.TaskListPage.getNewCustomerOption(TaskListPage.java:41)
at com.actitime.pom.TaskListPage.getNewCustomerOption(TaskListPage.java:41)
at com.actitime.pom.TaskListPage.getNewCustomerOption(TaskListPage.java:41)
at com.actitime.pom.TaskListPage.getNewCustomerOption(TaskListPage.java:41)
at com.actitime.pom.TaskListPage.getNewCustomerOption(TaskListPage.java:41)
at com.actitime.pom.TaskListPage.getNewCustomerOption(TaskListPage.java:41)
at com.actitime.pom.TaskListPage.getNewCustomerOption(TaskListPage.java:41)
at com.actitime.pom.TaskListPage.getNewCustomerOption(TaskListPage.java:41)
at com.actitime.pom.TaskListPage.getNewCustomerOption(TaskListPage.java:41)
at com.actitime.pom.TaskListPage.getNewCustomerOption(TaskListPage.java:41)
at com.actitime.pom.TaskListPage.getNewCustomerOption(TaskListPage.java:41)
at com.actitime.pom.TaskListPage.getNewCustomerOption(TaskListPage.java:41)
at com.actitime.pom.TaskListPage.getNewCustomerOption(TaskListPage.java:41)
at com.actitime.pom.TaskListPage.getNewCustomerOption(TaskListPage.java:41)
at com.actitime.pom.TaskListPage.getNewCustomerOption(TaskListPage.java:41)
at com.actitime.pom.TaskListPage.getNewCustomerOption(TaskListPage.java:41)
at com.actitime.pom.TaskListPage.getNewCustomerOption(TaskListPage.java:41)
at com.actitime.pom.TaskListPage.getNewCustomerOption(TaskListPage.java:41)
at com.actitime.pom.TaskListPage.getNewCustomerOption(TaskListPage.java:41)
at com.actitime.pom.TaskListPage.getNewCustomerOption(TaskListPage.java:41)
at com.actitime.pom.TaskListPage.getNewCustomerOption(TaskListPage.java:41)
at com.actitime.pom.TaskListPage.getNewCustomerOption(TaskListPage.java:41)
at com.actitime.pom.TaskListPage.getNewCustomerOption(TaskListPage.java:41)
at com.actitime.pom.TaskListPage.getNewCustomerOption(TaskListPage.java:41)
at com.actitime.pom.TaskListPage.getNewCustomerOption(TaskListPage.java:41)
at com.actitime.pom.TaskListPage.getNewCustomerOption(TaskListPage.java:41)
at com.actitime.pom.TaskListPage.getNewCustomerOption(TaskListPage.java:41)
at com.actitime.pom.TaskListPage.getNewCustomerOption(TaskListPage.java:41)
at com.actitime.pom.TaskListPage.getNewCustomerOption(TaskListPage.java:41)
at com.actitime.pom.TaskListPage.getNewCustomerOption(TaskListPage.java:41)
at com.actitime.pom.TaskListPage.getNewCustomerOption(TaskListPage.java:41)
at com.actitime.pom.TaskListPage.getNewCustomerOption(TaskListPage.java:41)
at com.actitime.pom.TaskListPage.getNewCustomerOption(TaskListPage.java:41)
at com.actitime.pom.TaskListPage.getNewCustomerOption(TaskListPage.java:41)
at com.actitime.pom.TaskListPage.getNewCustomerOption(TaskListPage.java:41)
at com.actitime.pom.TaskListPage.getNewCustomerOption(TaskListPage.java:41)
at com.actitime.pom.TaskListPage.getNewCustomerOption(TaskListPage.java:41)
at com.actitime.pom.TaskListPage.getNewCustomerOption(TaskListPage.java:41)
at com.actitime.pom.TaskListPage.getNewCustomerOption(TaskListPage.java:41)
at com.actitime.pom.TaskListPage.getNewCustomerOption(TaskListPage.java:41)
at com.actitime.pom.TaskListPage.getNewCustomerOption(TaskListPage.java:41)
at com.actitime.pom.TaskListPage.getNewCustomerOption(TaskListPage.java:41)
at com.actitime.pom.TaskListPage.getNewCustomerOption(TaskListPage.java:41)
at com.actitime.pom.TaskListPage.getNewCustomerOption(TaskListPage.java:41)
at com.actitime.pom.TaskListPage.getNewCustomerOption(TaskListPage.java:41)
at com.actitime.pom.TaskListPage.getNewCustomerOption(TaskListPage.java:41)
at com.actitime.pom.TaskListPage.getNewCustomerOption(TaskListPage.java:41)
at com.actitime.pom.TaskListPage.getNewCustomerOption(TaskListPage.java:41)
at com.actitime.pom.TaskListPage.getNewCustomerOption(TaskListPage.java:41)
at com.actitime.pom.TaskListPage.getNewCustomerOption(TaskListPage.java:41)
at com.actitime.pom.TaskListPage.getNewCustomerOption(TaskListPage.java:41)
at com.actitime.pom.TaskListPage.getNewCustomerOption(TaskListPage.java:41)
at com.actitime.pom.TaskListPage.getNewCustomerOption(TaskListPage.java:41)
at com.actitime.pom.TaskListPage.getNewCustomerOption(TaskListPage.java:41)
at com.actitime.pom.TaskListPage.getNewCustomerOption(TaskListPage.java:41)
at com.actitime.pom.TaskListPage.getNewCustomerOption(TaskListPage.java:41)
at com.actitime.pom.TaskListPage.getNewCustomerOption(TaskListPage.java:41)
at com.actitime.pom.TaskListPage.getNewCustomerOption(TaskListPage.java:41)
at com.actitime.pom.TaskListPage.getNewCustomerOption(TaskListPage.java:41)
at com.actitime.pom.TaskListPage.getNewCustomerOption(TaskListPage.java:41)
at com.actitime.pom.TaskListPage.getNewCustomerOption(TaskListPage.java:41)
at com.actitime.pom.TaskListPage.getNewCustomerOption(TaskListPage.java:41)
at com.actitime.pom.TaskListPage.getNewCustomerOption(TaskListPage.java:41)
at com.actitime.pom.TaskListPage.getNewCustomerOption(TaskListPage.java:41)
at com.actitime.pom.TaskListPage.getNewCustomerOption(TaskListPage.java:41)
at com.actitime.pom.TaskListPage.getNewCustomerOption(TaskListPage.java:41)
at com.actitime.pom.TaskListPage.getNewCustomerOption(TaskListPage.java:41)
at com.actitime.pom.TaskListPage.getNewCustomerOption(TaskListPage.java:41)
at com.actitime.pom.TaskListPage.getNewCustomerOption(TaskListPage.java:41)
at com.actitime.pom.TaskListPage.getNewCustomerOption(TaskListPage.java:41)
at com.actitime.pom.TaskListPage.getNewCustomerOption(TaskListPage.java:41)
at com.actitime.pom.TaskListPage.getNewCustomerOption(TaskListPage.java:41)
at com.actitime.pom.TaskListPage.getNewCustomerOption(TaskListPage.java:41)
at com.actitime.pom.TaskListPage.getNewCustomerOption(TaskListPage.java:41)
at com.actitime.pom.TaskListPage.getNewCustomerOption(TaskListPage.java:41)
at com.actitime.pom.TaskListPage.getNewCustomerOption(TaskListPage.java:41)
at com.actitime.pom.TaskListPage.getNewCustomerOption(TaskListPage.java:41)
at com.actitime.pom.TaskListPage.getNewCustomerOption(TaskListPage.java:41)
at com.actitime.pom.TaskListPage.getNewCustomerOption(TaskListPage.java:41)
at com.actitime.pom.TaskListPage.getNewCustomerOption(TaskListPage.java:41)
at com.actitime.pom.TaskListPage.getNewCustomerOption(TaskListPage.java:41)
at com.actitime.pom.TaskListPage.getNewCustomerOption(TaskListPage.java:41)
at com.actitime.pom.TaskListPage.getNewCustomerOption(TaskListPage.java:41)
at com.actitime.pom.TaskListPage.getNewCustomerOption(TaskListPage.java:41)
at com.actitime.pom.TaskListPage.getNewCustomerOption(TaskListPage.java:41)
at com.actitime.pom.TaskListPage.getNewCustomerOption(TaskListPage.java:41)
at com.actitime.pom.TaskListPage.getNewCustomerOption(TaskListPage.java:41)
at com.actitime.pom.TaskListPage.getNewCustomerOption(TaskListPage.java:41)
at com.actitime.pom.TaskListPage.getNewCustomerOption(TaskListPage.java:41)
at com.actitime.pom.TaskListPage.getNewCustomerOption(TaskListPage.java:41)
at com.actitime.pom.TaskListPage.getNewCustomerOption(TaskListPage.java:41)
at com.actitime.pom.TaskListPage.getNewCustomerOption(TaskListPage.java:41)
at com.actitime.pom.TaskListPage.getNewCustomerOption(TaskListPage.java:41)
at com.actitime.pom.TaskListPage.getNewCustomerOption(TaskListPage.java:41)
at com.actitime.pom.TaskListPage.getNewCustomerOption(TaskListPage.java:41)
at com.actitime.pom.TaskListPage.getNewCustomerOption(TaskListPage.java:41)
at com.actitime.pom.TaskListPage.getNewCustomerOption(TaskListPage.java:41)
at com.actitime.pom.TaskListPage.getNewCustomerOption(TaskListPage.java:41)
at com.actitime.pom.TaskListPage.getNewCustomerOption(TaskListPage.java:41)
at com.actitime.pom.TaskListPage.getNewCustomerOption(TaskListPage.java:41)
at com.actitime.pom.TaskListPage.getNewCustomerOption(TaskListPage.java:41)
at com.actitime.pom.TaskListPage.getNewCustomerOption(TaskListPage.java:41)
at com.actitime.pom.TaskListPage.getNewCustomerOption(TaskListPage.java:41)
at com.actitime.pom.TaskListPage.getNewCustomerOption(TaskListPage.java:41)
at com.actitime.pom.TaskListPage.getNewCustomerOption(TaskListPage.java:41)
at com.actitime.pom.TaskListPage.getNewCustomerOption(TaskListPage.java:41)
at com.actitime.pom.TaskListPage.getNewCustomerOption(TaskListPage.java:41)
at com.actitime.pom.TaskListPage.getNewCustomerOption(TaskListPage.java:41)
at com.actitime.pom.TaskListPage.getNewCustomerOption(TaskListPage.java:41)
at com.actitime.pom.TaskListPage.getNewCustomerOption(TaskListPage.java:41)
at com.actitime.pom.TaskListPage.getNewCustomerOption(TaskListPage.java:41)
at com.actitime.pom.TaskListPage.getNewCustomerOption(TaskListPage.java:41)
at com.actitime.pom.TaskListPage.getNewCustomerOption(TaskListPage.java:41)
at com.actitime.pom.TaskListPage.getNewCustomerOption(TaskListPage.java:41)
at com.actitime.pom.TaskListPage.getNewCustomerOption(TaskListPage.java:41)
at com.actitime.pom.TaskListPage.getNewCustomerOption(TaskListPage.java:41)
at com.actitime.pom.TaskListPage.getNewCustomerOption(TaskListPage.java:41)
at com.actitime.pom.TaskListPage.getNewCustomerOption(TaskListPage.java:41)
at com.actitime.pom.TaskListPage.getNewCustomerOption(TaskListPage.java:41)
at com.actitime.pom.TaskListPage.getNewCustomerOption(TaskListPage.java:41)
at com.actitime.pom.TaskListPage.getNewCustomerOption(TaskListPage.java:41)
at com.actitime.pom.TaskListPage.getNewCustomerOption(TaskListPage.java:41)
at com.actitime.pom.TaskListPage.getNewCustomerOption(TaskListPage.java:41)
at com.actitime.pom.TaskListPage.getNewCustomerOption(TaskListPage.java:41)
at com.actitime.pom.TaskListPage.getNewCustomerOption(TaskListPage.java:41)
at com.actitime.pom.TaskListPage.getNewCustomerOption(TaskListPage.java:41)
at com.actitime.pom.TaskListPage.getNewCustomerOption(TaskListPage.java:41)
at com.actitime.pom.TaskListPage.getNewCustomerOption(TaskListPage.java:41)
at com.actitime.pom.TaskListPage.getNewCustomerOption(TaskListPage.java:41)
at com.actitime.pom.TaskListPage.getNewCustomerOption(TaskListPage.java:41)
at com.actitime.pom.TaskListPage.getNewCustomerOption(TaskListPage.java:41)
at com.actitime.pom.TaskListPage.getNewCustomerOption(TaskListPage.java:41)
at com.actitime.pom.TaskListPage.getNewCustomerOption(TaskListPage.java:41)
at com.actitime.pom.TaskListPage.getNewCustomerOption(TaskListPage.java:41)
at com.actitime.pom.TaskListPage.getNewCustomerOption(TaskListPage.java:41)
at com.actitime.pom.TaskListPage.getNewCustomerOption(TaskListPage.java:41)
at com.actitime.pom.TaskListPage.getNewCustomerOption(TaskListPage.java:41)
at com.actitime.pom.TaskListPage.getNewCustomerOption(TaskListPage.java:41)
at com.actitime.pom.TaskListPage.getNewCustomerOption(TaskListPage.java:41)
at com.actitime.pom.TaskListPage.getNewCustomerOption(TaskListPage.java:41)
at com.actitime.pom.TaskListPage.getNewCustomerOption(TaskListPage.java:41)
at com.actitime.pom.TaskListPage.getNewCustomerOption(TaskListPage.java:41)
at com.actitime.pom.TaskListPage.getNewCustomerOption(TaskListPage.java:41)
at com.actitime.pom.TaskListPage.getNewCustomerOption(TaskListPage.java:41)
at com.actitime.pom.TaskListPage.getNewCustomerOption(TaskListPage.java:41)
at com.actitime.pom.TaskListPage.getNewCustomerOption(TaskListPage.java:41)
at com.actitime.pom.TaskListPage.getNewCustomerOption(TaskListPage.java:41)
at com.actitime.pom.TaskListPage.getNewCustomerOption(TaskListPage.java:41)
at com.actitime.pom.TaskListPage.getNewCustomerOption(TaskListPage.java:41)
at com.actitime.pom.TaskListPage.getNewCustomerOption(TaskListPage.java:41)
at com.actitime.pom.TaskListPage.getNewCustomerOption(TaskListPage.java:41)
at com.actitime.pom.TaskListPage.getNewCustomerOption(TaskListPage.java:41)
at com.actitime.pom.TaskListPage.getNewCustomerOption(TaskListPage.java:41)
at com.actitime.pom.TaskListPage.getNewCustomerOption(TaskListPage.java:41)
at com.actitime.pom.TaskListPage.getNewCustomerOption(TaskListPage.java:41)
at com.actitime.pom.TaskListPage.getNewCustomerOption(TaskListPage.java:41)
at com.actitime.pom.TaskListPage.getNewCustomerOption(TaskListPage.java:41)
at com.actitime.pom.TaskListPage.getNewCustomerOption(TaskListPage.java:41)
at com.actitime.pom.TaskListPage.getNewCustomerOption(TaskListPage.java:41)
at com.actitime.pom.TaskListPage.getNewCustomerOption(TaskListPage.java:41)
at com.actitime.pom.TaskListPage.getNewCustomerOption(TaskListPage.java:41)
at com.actitime.pom.TaskListPage.getNewCustomerOption(TaskListPage.java:41)
at com.actitime.pom.TaskListPage.getNewCustomerOption(TaskListPage.java:41)
at com.actitime.pom.TaskListPage.getNewCustomerOption(TaskListPage.java:41)
at com.actitime.pom.TaskListPage.getNewCustomerOption(TaskListPage.java:41)
at com.actitime.pom.TaskListPage.getNewCustomerOption(TaskListPage.java:41)
at com.actitime.pom.TaskListPage.getNewCustomerOption(TaskListPage.java:41)
at com.actitime.pom.TaskListPage.getNewCustomerOption(TaskListPage.java:41)
at com.actitime.pom.TaskListPage.getNewCustomerOption(TaskListPage.java:41)
at com.actitime.pom.TaskListPage.getNewCustomerOption(TaskListPage.java:41)
at com.actitime.pom.TaskListPage.getNewCustomerOption(TaskListPage.java:41)
at com.actitime.pom.TaskListPage.getNewCustomerOption(TaskListPage.java:41)
at com.actitime.pom.TaskListPage.getNewCustomerOption(TaskListPage.java:41)
at com.actitime.pom.TaskListPage.getNewCustomerOption(TaskListPage.java:41)
at com.actitime.pom.TaskListPage.getNewCustomerOption(TaskListPage.java:41)
at com.actitime.pom.TaskListPage.getNewCustomerOption(TaskListPage.java:41)
at com.actitime.pom.TaskListPage.getNewCustomerOption(TaskListPage.java:41)
at com.actitime.pom.TaskListPage.getNewCustomerOption(TaskListPage.java:41)
at com.actitime.pom.TaskListPage.getNewCustomerOption(TaskListPage.java:41)
at com.actitime.pom.TaskListPage.getNewCustomerOption(TaskListPage.java:41)
at com.actitime.pom.TaskListPage.getNewCustomerOption(TaskListPage.java:41)
at com.actitime.pom.TaskListPage.getNewCustomerOption(TaskListPage.java:41)
at com.actitime.pom.TaskListPage.getNewCustomerOption(TaskListPage.java:41)
at com.actitime.pom.TaskListPage.getNewCustomerOption(TaskListPage.java:41)
at com.actitime.pom.TaskListPage.getNewCustomerOption(TaskListPage.java:41)
at com.actitime.pom.TaskListPage.getNewCustomerOption(TaskListPage.java:41)
at com.actitime.pom.TaskListPage.getNewCustomerOption(TaskListPage.java:41)
at com.actitime.pom.TaskListPage.getNewCustomerOption(TaskListPage.java:41)
at com.actitime.pom.TaskListPage.getNewCustomerOption(TaskListPage.java:41)
at com.actitime.pom.TaskListPage.getNewCustomerOption(TaskListPage.java:41)
at com.actitime.pom.TaskListPage.getNewCustomerOption(TaskListPage.java:41)
at com.actitime.pom.TaskListPage.getNewCustomerOption(TaskListPage.java:41)
at com.actitime.pom.TaskListPage.getNewCustomerOption(TaskListPage.java:41)
at com.actitime.pom.TaskListPage.getNewCustomerOption(TaskListPage.java:41)
at com.actitime.pom.TaskListPage.getNewCustomerOption(TaskListPage.java:41)
at com.actitime.pom.TaskListPage.getNewCustomerOption(TaskListPage.java:41)
at com.actitime.pom.TaskListPage.getNewCustomerOption(TaskListPage.java:41)
at com.actitime.pom.TaskListPage.getNewCustomerOption(TaskListPage.java:41)
at com.actitime.pom.TaskListPage.getNewCustomerOption(TaskListPage.java:41)
at com.actitime.pom.TaskListPage.getNewCustomerOption(TaskListPage.java:41)
at com.actitime.pom.TaskListPage.getNewCustomerOption(TaskListPage.java:41)
at com.actitime.pom.TaskListPage.getNewCustomerOption(TaskListPage.java:41)
at com.actitime.pom.TaskListPage.getNewCustomerOption(TaskListPage.java:41)
at com.actitime.pom.TaskListPage.getNewCustomerOption(TaskListPage.java:41)
at com.actitime.pom.TaskListPage.getNewCustomerOption(TaskListPage.java:41)
at com.actitime.pom.TaskListPage.getNewCustomerOption(TaskListPage.java:41)
at com.actitime.pom.TaskListPage.getNewCustomerOption(TaskListPage.java:41)
at com.actitime.pom.TaskListPage.getNewCustomerOption(TaskListPage.java:41)
at com.actitime.pom.TaskListPage.getNewCustomerOption(TaskListPage.java:41)
at com.actitime.pom.TaskListPage.getNewCustomerOption(TaskListPage.java:41)
at com.actitime.pom.TaskListPage.getNewCustomerOption(TaskListPage.java:41)
at com.actitime.pom.TaskListPage.getNewCustomerOption(TaskListPage.java:41)
at com.actitime.pom.TaskListPage.getNewCustomerOption(TaskListPage.java:41)
at com.actitime.pom.TaskListPage.getNewCustomerOption(TaskListPage.java:41)
at com.actitime.pom.TaskListPage.getNewCustomerOption(TaskListPage.java:41)
at com.actitime.pom.TaskListPage.getNewCustomerOption(TaskListPage.java:41)
at com.actitime.pom.TaskListPage.getNewCustomerOption(TaskListPage.java:41)
at com.actitime.pom.TaskListPage.getNewCustomerOption(TaskListPage.java:41)
at com.actitime.pom.TaskListPage.getNewCustomerOption(TaskListPage.java:41)
at com.actitime.pom.TaskListPage.getNewCustomerOption(TaskListPage.java:41)
at com.actitime.pom.TaskListPage.getNewCustomerOption(TaskListPage.java:41)
at com.actitime.pom.TaskListPage.getNewCustomerOption(TaskListPage.java:41)
at com.actitime.pom.TaskListPage.getNewCustomerOption(TaskListPage.java:41)
at com.actitime.pom.TaskListPage.getNewCustomerOption(TaskListPage.java:41)
at com.actitime.pom.TaskListPage.getNewCustomerOption(TaskListPage.java:41)
at com.actitime.pom.TaskListPage.getNewCustomerOption(TaskListPage.java:41)
at com.actitime.pom.TaskListPage.getNewCustomerOption(TaskListPage.java:41)
at com.actitime.pom.TaskListPage.getNewCustomerOption(TaskListPage.java:41)
at com.actitime.pom.TaskListPage.getNewCustomerOption(TaskListPage.java:41)
at com.actitime.pom.TaskListPage.getNewCustomerOption(TaskListPage.java:41)
at com.actitime.pom.TaskListPage.getNewCustomerOption(TaskListPage.java:41)
at com.actitime.pom.TaskListPage.getNewCustomerOption(TaskListPage.java:41)
at com.actitime.pom.TaskListPage.getNewCustomerOption(TaskListPage.java:41)
at com.actitime.pom.TaskListPage.getNewCustomerOption(TaskListPage.java:41)
at com.actitime.pom.TaskListPage.getNewCustomerOption(TaskListPage.java:41)
at com.actitime.pom.TaskListPage.getNewCustomerOption(TaskListPage.java:41)
at com.actitime.pom.TaskListPage.getNewCustomerOption(TaskListPage.java:41)
at com.actitime.pom.TaskListPage.getNewCustomerOption(TaskListPage.java:41)
at com.actitime.pom.TaskListPage.getNewCustomerOption(TaskListPage.java:41)
at com.actitime.pom.TaskListPage.getNewCustomerOption(TaskListPage.java:41)
at com.actitime.pom.TaskListPage.getNewCustomerOption(TaskListPage.java:41)
at com.actitime.pom.TaskListPage.getNewCustomerOption(TaskListPage.java:41)
at com.actitime.pom.TaskListPage.getNewCustomerOption(TaskListPage.java:41)
at com.actitime.pom.TaskListPage.getNewCustomerOption(TaskListPage.java:41)
at com.actitime.pom.TaskListPage.getNewCustomerOption(TaskListPage.java:41)
at com.actitime.pom.TaskListPage.getNewCustomerOption(TaskListPage.java:41)
at com.actitime.pom.TaskListPage.getNewCustomerOption(TaskListPage.java:41)
at com.actitime.pom.TaskListPage.getNewCustomerOption(TaskListPage.java:41)
at com.actitime.pom.TaskListPage.getNewCustomerOption(TaskListPage.java:41)
at com.actitime.pom.TaskListPage.getNewCustomerOption(TaskListPage.java:41)
at com.actitime.pom.TaskListPage.getNewCustomerOption(TaskListPage.java:41)
at com.actitime.pom.TaskListPage.getNewCustomerOption(TaskListPage.java:41)
at com.actitime.pom.TaskListPage.getNewCustomerOption(TaskListPage.java:41)
at com.actitime.pom.TaskListPage.getNewCustomerOption(TaskListPage.java:41)
at com.actitime.pom.TaskListPage.getNewCustomerOption(TaskListPage.java:41)
at com.actitime.pom.TaskListPage.getNewCustomerOption(TaskListPage.java:41)
at com.actitime.pom.TaskListPage.getNewCustomerOption(TaskListPage.java:41)
at com.actitime.pom.TaskListPage.getNewCustomerOption(TaskListPage.java:41)
at com.actitime.pom.TaskListPage.getNewCustomerOption(TaskListPage.java:41)
at com.actitime.pom.TaskListPage.getNewCustomerOption(TaskListPage.java:41)
at com.actitime.pom.TaskListPage.getNewCustomerOption(TaskListPage.java:41)
at com.actitime.pom.TaskListPage.getNewCustomerOption(TaskListPage.java:41)
at com.actitime.pom.TaskListPage.getNewCustomerOption(TaskListPage.java:41)
at com.actitime.pom.TaskListPage.getNewCustomerOption(TaskListPage.java:41)
at com.actitime.pom.TaskListPage.getNewCustomerOption(TaskListPage.java:41)
at com.actitime.pom.TaskListPage.getNewCustomerOption(TaskListPage.java:41)
at com.actitime.pom.TaskListPage.getNewCustomerOption(TaskListPage.java:41)
at com.actitime.pom.TaskListPage.getNewCustomerOption(TaskListPage.java:41)
at com.actitime.pom.TaskListPage.getNewCustomerOption(TaskListPage.java:41)
at com.actitime.pom.TaskListPage.getNewCustomerOption(TaskListPage.java:41)
at com.actitime.pom.TaskListPage.getNewCustomerOption(TaskListPage.java:41)
at com.actitime.pom.TaskListPage.getNewCustomerOption(TaskListPage.java:41)
at com.actitime.pom.TaskListPage.getNewCustomerOption(TaskListPage.java:41)
at com.actitime.pom.TaskListPage.getNewCustomerOption(TaskListPage.java:41)
at com.actitime.pom.TaskListPage.getNewCustomerOption(TaskListPage.java:41)
at com.actitime.pom.TaskListPage.getNewCustomerOption(TaskListPage.java:41)
at com.actitime.pom.TaskListPage.getNewCustomerOption(TaskListPage.java:41)
at com.actitime.pom.TaskListPage.getNewCustomerOption(TaskListPage.java:41)
at com.actitime.pom.TaskListPage.getNewCustomerOption(TaskListPage.java:41)
at com.actitime.pom.TaskListPage.getNewCustomerOption(TaskListPage.java:41)
at com.actitime.pom.TaskListPage.getNewCustomerOption(TaskListPage.java:41)
at com.actitime.pom.TaskListPage.getNewCustomerOption(TaskListPage.java:41)
at com.actitime.pom.TaskListPage.getNewCustomerOption(TaskListPage.java:41)
at com.actitime.pom.TaskListPage.getNewCustomerOption(TaskListPage.java:41)
at com.actitime.pom.TaskListPage.getNewCustomerOption(TaskListPage.java:41)
at com.actitime.pom.TaskListPage.getNewCustomerOption(TaskListPage.java:41)
at com.actitime.pom.TaskListPage.getNewCustomerOption(TaskListPage.java:41)
at com.actitime.pom.TaskListPage.getNewCustomerOption(TaskListPage.java:41)
at com.actitime.pom.TaskListPage.getNewCustomerOption(TaskListPage.java:41)
at com.actitime.pom.TaskListPage.getNewCustomerOption(TaskListPage.java:41)
at com.actitime.pom.TaskListPage.getNewCustomerOption(TaskListPage.java:41)
at com.actitime.pom.TaskListPage.getNewCustomerOption(TaskListPage.java:41)
at com.actitime.pom.TaskListPage.getNewCustomerOption(TaskListPage.java:41)
at com.actitime.pom.TaskListPage.getNewCustomerOption(TaskListPage.java:41)
at com.actitime.pom.TaskListPage.getNewCustomerOption(TaskListPage.java:41)
at com.actitime.pom.TaskListPage.getNewCustomerOption(TaskListPage.java:41)
at com.actitime.pom.TaskListPage.getNewCustomerOption(TaskListPage.java:41)
at com.actitime.pom.TaskListPage.getNewCustomerOption(TaskListPage.java:41)
at com.actitime.pom.TaskListPage.getNewCustomerOption(TaskListPage.java:41)
at com.actitime.pom.TaskListPage.getNewCustomerOption(TaskListPage.java:41)
at com.actitime.pom.TaskListPage.getNewCustomerOption(TaskListPage.java:41)
at com.actitime.pom.TaskListPage.getNewCustomerOption(TaskListPage.java:41)
at com.actitime.pom.TaskListPage.getNewCustomerOption(TaskListPage.java:41)
at com.actitime.pom.TaskListPage.getNewCustomerOption(TaskListPage.java:41)
at com.actitime.pom.TaskListPage.getNewCustomerOption(TaskListPage.java:41)
at com.actitime.pom.TaskListPage.getNewCustomerOption(TaskListPage.java:41)
at com.actitime.pom.TaskListPage.getNewCustomerOption(TaskListPage.java:41)
at com.actitime.pom.TaskListPage.getNewCustomerOption(TaskListPage.java:41)
at com.actitime.pom.TaskListPage.getNewCustomerOption(TaskListPage.java:41)
at com.actitime.pom.TaskListPage.getNewCustomerOption(TaskListPage.java:41)
at com.actitime.pom.TaskListPage.getNewCustomerOption(TaskListPage.java:41)
at com.actitime.pom.TaskListPage.getNewCustomerOption(TaskListPage.java:41)
at com.actitime.pom.TaskListPage.getNewCustomerOption(TaskListPage.java:41)
at com.actitime.pom.TaskListPage.getNewCustomerOption(TaskListPage.java:41)
at com.actitime.pom.TaskListPage.getNewCustomerOption(TaskListPage.java:41)
at com.actitime.pom.TaskListPage.getNewCustomerOption(TaskListPage.java:41)
at com.actitime.pom.TaskListPage.getNewCustomerOption(TaskListPage.java:41)
at com.actitime.pom.TaskListPage.getNewCustomerOption(TaskListPage.java:41)
at com.actitime.pom.TaskListPage.getNewCustomerOption(TaskListPage.java:41)
at com.actitime.pom.TaskListPage.getNewCustomerOption(TaskListPage.java:41)
at com.actitime.pom.TaskListPage.getNewCustomerOption(TaskListPage.java:41)
at com.actitime.pom.TaskListPage.getNewCustomerOption(TaskListPage.java:41)
at com.actitime.pom.TaskListPage.getNewCustomerOption(TaskListPage.java:41)
at com.actitime.pom.TaskListPage.getNewCustomerOption(TaskListPage.java:41)
at com.actitime.pom.TaskListPage.getNewCustomerOption(TaskListPage.java:41)
at com.actitime.pom.TaskListPage.getNewCustomerOption(TaskListPage.java:41)
at com.actitime.pom.TaskListPage.getNewCustomerOption(TaskListPage.java:41)
at com.actitime.pom.TaskListPage.getNewCustomerOption(TaskListPage.java:41)
at com.actitime.pom.TaskListPage.getNewCustomerOption(TaskListPage.java:41)
at com.actitime.pom.TaskListPage.getNewCustomerOption(TaskListPage.java:41)
at com.actitime.pom.TaskListPage.getNewCustomerOption(TaskListPage.java:41)
at com.actitime.pom.TaskListPage.getNewCustomerOption(TaskListPage.java:41)
at com.actitime.pom.TaskListPage.getNewCustomerOption(TaskListPage.java:41)
at com.actitime.pom.TaskListPage.getNewCustomerOption(TaskListPage.java:41)
at com.actitime.pom.TaskListPage.getNewCustomerOption(TaskListPage.java:41)
at com.actitime.pom.TaskListPage.getNewCustomerOption(TaskListPage.java:41)
at com.actitime.pom.TaskListPage.getNewCustomerOption(TaskListPage.java:41)
at com.actitime.pom.TaskListPage.getNewCustomerOption(TaskListPage.java:41)
at com.actitime.pom.TaskListPage.getNewCustomerOption(TaskListPage.java:41)
at com.actitime.pom.TaskListPage.getNewCustomerOption(TaskListPage.java:41)
at com.actitime.pom.TaskListPage.getNewCustomerOption(TaskListPage.java:41)
at com.actitime.pom.TaskListPage.getNewCustomerOption(TaskListPage.java:41)
at com.actitime.pom.TaskListPage.getNewCustomerOption(TaskListPage.java:41)
at com.actitime.pom.TaskListPage.getNewCustomerOption(TaskListPage.java:41)
at com.actitime.pom.TaskListPage.getNewCustomerOption(TaskListPage.java:41)
at com.actitime.pom.TaskListPage.getNewCustomerOption(TaskListPage.java:41)
at com.actitime.pom.TaskListPage.getNewCustomerOption(TaskListPage.java:41)
at com.actitime.pom.TaskListPage.getNewCustomerOption(TaskListPage.java:41)
at com.actitime.pom.TaskListPage.getNewCustomerOption(TaskListPage.java:41)
at com.actitime.pom.TaskListPage.getNewCustomerOption(TaskListPage.java:41)
at com.actitime.pom.TaskListPage.getNewCustomerOption(TaskListPage.java:41)
at com.actitime.pom.TaskListPage.getNewCustomerOption(TaskListPage.java:41)
at com.actitime.pom.TaskListPage.getNewCustomerOption(TaskListPage.java:41)
at com.actitime.pom.TaskListPage.getNewCustomerOption(TaskListPage.java:41)
at com.actitime.pom.TaskListPage.getNewCustomerOption(TaskListPage.java:41)
at com.actitime.pom.TaskListPage.getNewCustomerOption(TaskListPage.java:41)
at com.actitime.pom.TaskListPage.getNewCustomerOption(TaskListPage.java:41)
at com.actitime.pom.TaskListPage.getNewCustomerOption(TaskListPage.java:41)
at com.actitime.pom.TaskListPage.getNewCustomerOption(TaskListPage.java:41)
at com.actitime.pom.TaskListPage.getNewCustomerOption(TaskListPage.java:41)
at com.actitime.pom.TaskListPage.getNewCustomerOption(TaskListPage.java:41)
at com.actitime.pom.TaskListPage.getNewCustomerOption(TaskListPage.java:41)
at com.actitime.pom.TaskListPage.getNewCustomerOption(TaskListPage.java:41)
at com.actitime.pom.TaskListPage.getNewCustomerOption(TaskListPage.java:41)
at com.actitime.pom.TaskListPage.getNewCustomerOption(TaskListPage.java:41)
at com.actitime.pom.TaskListPage.getNewCustomerOption(TaskListPage.java:41)
at com.actitime.pom.TaskListPage.getNewCustomerOption(TaskListPage.java:41)
at com.actitime.pom.TaskListPage.getNewCustomerOption(TaskListPage.java:41)
at com.actitime.pom.TaskListPage.getNewCustomerOption(TaskListPage.java:41)
at com.actitime.pom.TaskListPage.getNewCustomerOption(TaskListPage.java:41)
at com.actitime.pom.TaskListPage.getNewCustomerOption(TaskListPage.java:41)
at com.actitime.pom.TaskListPage.getNewCustomerOption(TaskListPage.java:41)
at com.actitime.pom.TaskListPage.getNewCustomerOption(TaskListPage.java:41)
at com.actitime.pom.TaskListPage.getNewCustomerOption(TaskListPage.java:41)
at com.actitime.pom.TaskListPage.getNewCustomerOption(TaskListPage.java:41)
at com.actitime.pom.TaskListPage.getNewCustomerOption(TaskListPage.java:41)
at com.actitime.pom.TaskListPage.getNewCustomerOption(TaskListPage.java:41)
at com.actitime.pom.TaskListPage.getNewCustomerOption(TaskListPage.java:41)
at com.actitime.pom.TaskListPage.getNewCustomerOption(TaskListPage.java:41)
at com.actitime.pom.TaskListPage.getNewCustomerOption(TaskListPage.java:41)
at com.actitime.pom.TaskListPage.getNewCustomerOption(TaskListPage.java:41)
at com.actitime.pom.TaskListPage.getNewCustomerOption(TaskListPage.java:41)
at com.actitime.pom.TaskListPage.getNewCustomerOption(TaskListPage.java:41)
at com.actitime.pom.TaskListPage.getNewCustomerOption(TaskListPage.java:41)
at com.actitime.pom.TaskListPage.getNewCustomerOption(TaskListPage.java:41)
at com.actitime.pom.TaskListPage.getNewCustomerOption(TaskListPage.java:41)
at com.actitime.pom.TaskListPage.getNewCustomerOption(TaskListPage.java:41)
at com.actitime.pom.TaskListPage.getNewCustomerOption(TaskListPage.java:41)
at com.actitime.pom.TaskListPage.getNewCustomerOption(TaskListPage.java:41)
at com.actitime.pom.TaskListPage.getNewCustomerOption(TaskListPage.java:41)
at com.actitime.pom.TaskListPage.getNewCustomerOption(TaskListPage.java:41)
at com.actitime.pom.TaskListPage.getNewCustomerOption(TaskListPage.java:41)
at com.actitime.pom.TaskListPage.getNewCustomerOption(TaskListPage.java:41)
at com.actitime.pom.TaskListPage.getNewCustomerOption(TaskListPage.java:41)
at com.actitime.pom.TaskListPage.getNewCustomerOption(TaskListPage.java:41)
at com.actitime.pom.TaskListPage.getNewCustomerOption(TaskListPage.java:41)
at com.actitime.pom.TaskListPage.getNewCustomerOption(TaskListPage.java:41)
at com.actitime.pom.TaskListPage.getNewCustomerOption(TaskListPage.java:41)
at com.actitime.pom.TaskListPage.getNewCustomerOption(TaskListPage.java:41)
at com.actitime.pom.TaskListPage.getNewCustomerOption(TaskListPage.java:41)
at com.actitime.pom.TaskListPage.getNewCustomerOption(TaskListPage.java:41)
at com.actitime.pom.TaskListPage.getNewCustomerOption(TaskListPage.java:41)
at com.actitime.pom.TaskListPage.getNewCustomerOption(TaskListPage.java:41)
at com.actitime.pom.TaskListPage.getNewCustomerOption(TaskListPage.java:41)
at com.actitime.pom.TaskListPage.getNewCustomerOption(TaskListPage.java:41)
at com.actitime.pom.TaskListPage.getNewCustomerOption(TaskListPage.java:41)
at com.actitime.pom.TaskListPage.getNewCustomerOption(TaskListPage.java:41)
at com.actitime.pom.TaskListPage.getNewCustomerOption(TaskListPage.java:41)
at com.actitime.pom.TaskListPage.getNewCustomerOption(TaskListPage.java:41)
at com.actitime.pom.TaskListPage.getNewCustomerOption(TaskListPage.java:41)
at com.actitime.pom.TaskListPage.getNewCustomerOption(TaskListPage.java:41)
at com.actitime.pom.TaskListPage.getNewCustomerOption(TaskListPage.java:41)
at com.actitime.pom.TaskListPage.getNewCustomerOption(TaskListPage.java:41)
at com.actitime.pom.TaskListPage.getNewCustomerOption(TaskListPage.java:41)
at com.actitime.pom.TaskListPage.getNewCustomerOption(TaskListPage.java:41)
at com.actitime.pom.TaskListPage.getNewCustomerOption(TaskListPage.java:41)
at com.actitime.pom.TaskListPage.getNewCustomerOption(TaskListPage.java:41)
at com.actitime.pom.TaskListPage.getNewCustomerOption(TaskListPage.java:41)
at com.actitime.pom.TaskListPage.getNewCustomerOption(TaskListPage.java:41)
at com.actitime.pom.TaskListPage.getNewCustomerOption(TaskListPage.java:41)
at com.actitime.pom.TaskListPage.getNewCustomerOption(TaskListPage.java:41)
at com.actitime.pom.TaskListPage.getNewCustomerOption(TaskListPage.java:41)
at com.actitime.pom.TaskListPage.getNewCustomerOption(TaskListPage.java:41)
at com.actitime.pom.TaskListPage.getNewCustomerOption(TaskListPage.java:41)
at com.actitime.pom.TaskListPage.getNewCustomerOption(TaskListPage.java:41)
at com.actitime.pom.TaskListPage.getNewCustomerOption(TaskListPage.java:41)
at com.actitime.pom.TaskListPage.getNewCustomerOption(TaskListPage.java:41)
at com.actitime.pom.TaskListPage.getNewCustomerOption(TaskListPage.java:41)
at com.actitime.pom.TaskListPage.getNewCustomerOption(TaskListPage.java:41)
at com.actitime.pom.TaskListPage.getNewCustomerOption(TaskListPage.java:41)
at com.actitime.pom.TaskListPage.getNewCustomerOption(TaskListPage.java:41)
at com.actitime.pom.TaskListPage.getNewCustomerOption(TaskListPage.java:41)
at com.actitime.pom.TaskListPage.getNewCustomerOption(TaskListPage.java:41)
at com.actitime.pom.TaskListPage.getNewCustomerOption(TaskListPage.java:41)
at com.actitime.pom.TaskListPage.getNewCustomerOption(TaskListPage.java:41)
at com.actitime.pom.TaskListPage.getNewCustomerOption(TaskListPage.java:41)
at com.actitime.pom.TaskListPage.getNewCustomerOption(TaskListPage.java:41)
at com.actitime.pom.TaskListPage.getNewCustomerOption(TaskListPage.java:41)
at com.actitime.pom.TaskListPage.getNewCustomerOption(TaskListPage.java:41)
at com.actitime.pom.TaskListPage.getNewCustomerOption(TaskListPage.java:41)
at com.actitime.pom.TaskListPage.getNewCustomerOption(TaskListPage.java:41)
at com.actitime.pom.TaskListPage.getNewCustomerOption(TaskListPage.java:41)
at com.actitime.pom.TaskListPage.getNewCustomerOption(TaskListPage.java:41)
at com.actitime.pom.TaskListPage.getNewCustomerOption(TaskListPage.java:41)
at com.actitime.pom.TaskListPage.getNewCustomerOption(TaskListPage.java:41)
at com.actitime.pom.TaskListPage.getNewCustomerOption(TaskListPage.java:41)
at com.actitime.pom.TaskListPage.getNewCustomerOption(TaskListPage.java:41)
at com.actitime.pom.TaskListPage.getNewCustomerOption(TaskListPage.java:41)
at com.actitime.pom.TaskListPage.getNewCustomerOption(TaskListPage.java:41)
at com.actitime.pom.TaskListPage.getNewCustomerOption(TaskListPage.java:41)
at com.actitime.pom.TaskListPage.getNewCustomerOption(TaskListPage.java:41)
at com.actitime.pom.TaskListPage.getNewCustomerOption(TaskListPage.java:41)
at com.actitime.pom.TaskListPage.getNewCustomerOption(TaskListPage.java:41)
at com.actitime.pom.TaskListPage.getNewCustomerOption(TaskListPage.java:41)
at com.actitime.pom.TaskListPage.getNewCustomerOption(TaskListPage.java:41)
at com.actitime.pom.TaskListPage.getNewCustomerOption(TaskListPage.java:41)
at com.actitime.pom.TaskListPage.getNewCustomerOption(TaskListPage.java:41)
at com.actitime.pom.TaskListPage.getNewCustomerOption(TaskListPage.java:41)
at com.actitime.pom.TaskListPage.getNewCustomerOption(TaskListPage.java:41)
at com.actitime.pom.TaskListPage.getNewCustomerOption(TaskListPage.java:41)
at com.actitime.pom.TaskListPage.getNewCustomerOption(TaskListPage.java:41)
at com.actitime.pom.TaskListPage.getNewCustomerOption(TaskListPage.java:41)
at com.actitime.pom.TaskListPage.getNewCustomerOption(TaskListPage.java:41)
at com.actitime.pom.TaskListPage.getNewCustomerOption(TaskListPage.java:41)
at com.actitime.pom.TaskListPage.getNewCustomerOption(TaskListPage.java:41)
at com.actitime.pom.TaskListPage.getNewCustomerOption(TaskListPage.java:41)
at com.actitime.pom.TaskListPage.getNewCustomerOption(TaskListPage.java:41)
at com.actitime.pom.TaskListPage.getNewCustomerOption(TaskListPage.java:41)
at com.actitime.pom.TaskListPage.getNewCustomerOption(TaskListPage.java:41)
at com.actitime.pom.TaskListPage.getNewCustomerOption(TaskListPage.java:41)
at com.actitime.pom.TaskListPage.getNewCustomerOption(TaskListPage.java:41)
at com.actitime.pom.TaskListPage.getNewCustomerOption(TaskListPage.java:41)
at com.actitime.pom.TaskListPage.getNewCustomerOption(TaskListPage.java:41)
at com.actitime.pom.TaskListPage.getNewCustomerOption(TaskListPage.java:41)
at com.actitime.pom.TaskListPage.getNewCustomerOption(TaskListPage.java:41)
at com.actitime.pom.TaskListPage.getNewCustomerOption(TaskListPage.java:41)
at com.actitime.pom.TaskListPage.getNewCustomerOption(TaskListPage.java:41)
at com.actitime.pom.TaskListPage.getNewCustomerOption(TaskListPage.java:41)
at com.actitime.pom.TaskListPage.getNewCustomerOption(TaskListPage.java:41)
at com.actitime.pom.TaskListPage.getNewCustomerOption(TaskListPage.java:41)
at com.actitime.pom.TaskListPage.getNewCustomerOption(TaskListPage.java:41)
at com.actitime.pom.TaskListPage.getNewCustomerOption(TaskListPage.java:41)
at com.actitime.pom.TaskListPage.getNewCustomerOption(TaskListPage.java:41)
at com.actitime.pom.TaskListPage.getNewCustomerOption(TaskListPage.java:41)
at com.actitime.pom.TaskListPage.getNewCustomerOption(TaskListPage.java:41)
at com.actitime.pom.TaskListPage.getNewCustomerOption(TaskListPage.java:41)
at com.actitime.pom.TaskListPage.getNewCustomerOption(TaskListPage.java:41)
at com.actitime.pom.TaskListPage.getNewCustomerOption(TaskListPage.java:41)
at com.actitime.pom.TaskListPage.getNewCustomerOption(TaskListPage.java:41)
at com.actitime.pom.TaskListPage.getNewCustomerOption(TaskListPage.java:41)
at com.actitime.pom.TaskListPage.getNewCustomerOption(TaskListPage.java:41)
at com.actitime.pom.TaskListPage.getNewCustomerOption(TaskListPage.java:41)
at com.actitime.pom.TaskListPage.getNewCustomerOption(TaskListPage.java:41)
at com.actitime.pom.TaskListPage.getNewCustomerOption(TaskListPage.java:41)
at com.actitime.pom.TaskListPage.getNewCustomerOption(TaskListPage.java:41)
at com.actitime.pom.TaskListPage.getNewCustomerOption(TaskListPage.java:41)
at com.actitime.pom.TaskListPage.getNewCustomerOption(TaskListPage.java:41)
at com.actitime.pom.TaskListPage.getNewCustomerOption(TaskListPage.java:41)
at com.actitime.pom.TaskListPage.getNewCustomerOption(TaskListPage.java:41)
at com.actitime.pom.TaskListPage.getNewCustomerOption(TaskListPage.java:41)
at com.actitime.pom.TaskListPage.getNewCustomerOption(TaskListPage.java:41)
at com.actitime.pom.TaskListPage.getNewCustomerOption(TaskListPage.java:41)
at com.actitime.pom.TaskListPage.getNewCustomerOption(TaskListPage.java:41)
at com.actitime.pom.TaskListPage.getNewCustomerOption(TaskListPage.java:41)
at com.actitime.pom.TaskListPage.getNewCustomerOption(TaskListPage.java:41)
at com.actitime.pom.TaskListPage.getNewCustomerOption(TaskListPage.java:41)
at com.actitime.pom.TaskListPage.getNewCustomerOption(TaskListPage.java:41)
at com.actitime.pom.TaskListPage.getNewCustomerOption(TaskListPage.java:41)
at com.actitime.pom.TaskListPage.getNewCustomerOption(TaskListPage.java:41)
at com.actitime.pom.TaskListPage.getNewCustomerOption(TaskListPage.java:41)
at com.actitime.pom.TaskListPage.getNewCustomerOption(TaskListPage.java:41)
at com.actitime.pom.TaskListPage.getNewCustomerOption(TaskListPage.java:41)
at com.actitime.pom.TaskListPage.getNewCustomerOption(TaskListPage.java:41)
at com.actitime.pom.TaskListPage.getNewCustomerOption(TaskListPage.java:41)
at com.actitime.pom.TaskListPage.getNewCustomerOption(TaskListPage.java:41)
at com.actitime.pom.TaskListPage.getNewCustomerOption(TaskListPage.java:41)
at com.actitime.pom.TaskListPage.getNewCustomerOption(TaskListPage.java:41)
at com.actitime.pom.TaskListPage.getNewCustomerOption(TaskListPage.java:41)
at com.actitime.pom.TaskListPage.getNewCustomerOption(TaskListPage.java:41)
at com.actitime.pom.TaskListPage.getNewCustomerOption(TaskListPage.java:41)
at com.actitime.pom.TaskListPage.getNewCustomerOption(TaskListPage.java:41)
at com.actitime.pom.TaskListPage.getNewCustomerOption(TaskListPage.java:41)
at com.actitime.pom.TaskListPage.getNewCustomerOption(TaskListPage.java:41)
at com.actitime.pom.TaskListPage.getNewCustomerOption(TaskListPage.java:41)
at com.actitime.pom.TaskListPage.getNewCustomerOption(TaskListPage.java:41)
at com.actitime.pom.TaskListPage.getNewCustomerOption(TaskListPage.java:41)
at com.actitime.pom.TaskListPage.getNewCustomerOption(TaskListPage.java:41)
at com.actitime.pom.TaskListPage.getNewCustomerOption(TaskListPage.java:41)
at com.actitime.pom.TaskListPage.getNewCustomerOption(TaskListPage.java:41)
at com.actitime.pom.TaskListPage.getNewCustomerOption(TaskListPage.java:41)
at com.actitime.pom.TaskListPage.getNewCustomerOption(TaskListPage.java:41)
at com.actitime.pom.TaskListPage.getNewCustomerOption(TaskListPage.java:41)
at com.actitime.pom.TaskListPage.getNewCustomerOption(TaskListPage.java:41)
at com.actitime.pom.TaskListPage.getNewCustomerOption(TaskListPage.java:41)
at com.actitime.pom.TaskListPage.getNewCustomerOption(TaskListPage.java:41)
at com.actitime.pom.TaskListPage.getNewCustomerOption(TaskListPage.java:41)
at com.actitime.pom.TaskListPage.getNewCustomerOption(TaskListPage.java:41)
at com.actitime.pom.TaskListPage.getNewCustomerOption(TaskListPage.java:41)
at com.actitime.pom.TaskListPage.getNewCustomerOption(TaskListPage.java:41)
at com.actitime.pom.TaskListPage.getNewCustomerOption(TaskListPage.java:41)
at com.actitime.pom.TaskListPage.getNewCustomerOption(TaskListPage.java:41)
at com.actitime.pom.TaskListPage.getNewCustomerOption(TaskListPage.java:41)
at com.actitime.pom.TaskListPage.getNewCustomerOption(TaskListPage.java:41)
at com.actitime.pom.TaskListPage.getNewCustomerOption(TaskListPage.java:41)
at com.actitime.pom.TaskListPage.getNewCustomerOption(TaskListPage.java:41)
at com.actitime.pom.TaskListPage.getNewCustomerOption(TaskListPage.java:41)
at com.actitime.pom.TaskListPage.getNewCustomerOption(TaskListPage.java:41)
at com.actitime.pom.TaskListPage.getNewCustomerOption(TaskListPage.java:41)
at com.actitime.pom.TaskListPage.getNewCustomerOption(TaskListPage.java:41)
at com.actitime.pom.TaskListPage.getNewCustomerOption(TaskListPage.java:41)
at com.actitime.pom.TaskListPage.getNewCustomerOption(TaskListPage.java:41)
at com.actitime.pom.TaskListPage.getNewCustomerOption(TaskListPage.java:41)
at com.actitime.pom.TaskListPage.getNewCustomerOption(TaskListPage.java:41)
at com.actitime.pom.TaskListPage.getNewCustomerOption(TaskListPage.java:41)
at com.actitime.pom.TaskListPage.getNewCustomerOption(TaskListPage.java:41)
at com.actitime.pom.TaskListPage.getNewCustomerOption(TaskListPage.java:41)
at com.actitime.pom.TaskListPage.getNewCustomerOption(TaskListPage.java:41)
at com.actitime.pom.TaskListPage.getNewCustomerOption(TaskListPage.java:41)
at com.actitime.pom.TaskListPage.getNewCustomerOption(TaskListPage.java:41)
at com.actitime.pom.TaskListPage.getNewCustomerOption(TaskListPage.java:41)
at com.actitime.pom.TaskListPage.getNewCustomerOption(TaskListPage.java:41)
at com.actitime.pom.TaskListPage.getNewCustomerOption(TaskListPage.java:41)
at com.actitime.pom.TaskListPage.getNewCustomerOption(TaskListPage.java:41)
at com.actitime.pom.TaskListPage.getNewCustomerOption(TaskListPage.java:41)
at com.actitime.pom.TaskListPage.getNewCustomerOption(TaskListPage.java:41)
at com.actitime.pom.TaskListPage.getNewCustomerOption(TaskListPage.java:41)
at com.actitime.pom.TaskListPage.getNewCustomerOption(TaskListPage.java:41)
at com.actitime.pom.TaskListPage.getNewCustomerOption(TaskListPage.java:41)
at com.actitime.pom.TaskListPage.getNewCustomerOption(TaskListPage.java:41)
at com.actitime.pom.TaskListPage.getNewCustomerOption(TaskListPage.java:41)
at com.actitime.pom.TaskListPage.getNewCustomerOption(TaskListPage.java:41)
at com.actitime.pom.TaskListPage.getNewCustomerOption(TaskListPage.java:41)
at com.actitime.pom.TaskListPage.getNewCustomerOption(TaskListPage.java:41)
at com.actitime.pom.TaskListPage.getNewCustomerOption(TaskListPage.java:41)
at com.actitime.pom.TaskListPage.getNewCustomerOption(TaskListPage.java:41)
at com.actitime.pom.TaskListPage.getNewCustomerOption(TaskListPage.java:41)
at com.actitime.pom.TaskListPage.getNewCustomerOption(TaskListPage.java:41)
at com.actitime.pom.TaskListPage.getNewCustomerOption(TaskListPage.java:41)
at com.actitime.pom.TaskListPage.getNewCustomerOption(TaskListPage.java:41)
at com.actitime.pom.TaskListPage.getNewCustomerOption(TaskListPage.java:41)
at com.actitime.pom.TaskListPage.getNewCustomerOption(TaskListPage.java:41)
at com.actitime.pom.TaskListPage.getNewCustomerOption(TaskListPage.java:41)
at com.actitime.pom.TaskListPage.getNewCustomerOption(TaskListPage.java:41)
at com.actitime.pom.TaskListPage.getNewCustomerOption(TaskListPage.java:41)
at com.actitime.pom.TaskListPage.getNewCustomerOption(TaskListPage.java:41)
at com.actitime.pom.TaskListPage.getNewCustomerOption(TaskListPage.java:41)
at com.actitime.pom.TaskListPage.getNewCustomerOption(TaskListPage.java:41)
at com.actitime.pom.TaskListPage.getNewCustomerOption(TaskListPage.java:41)
at com.actitime.pom.TaskListPage.getNewCustomerOption(TaskListPage.java:41)
at com.actitime.pom.TaskListPage.getNewCustomerOption(TaskListPage.java:41)
at com.actitime.pom.TaskListPage.getNewCustomerOption(TaskListPage.java:41)
at com.actitime.pom.TaskListPage.getNewCustomerOption(TaskListPage.java:41)
at com.actitime.pom.TaskListPage.getNewCustomerOption(TaskListPage.java:41)
at com.actitime.pom.TaskListPage.getNewCustomerOption(TaskListPage.java:41)
at com.actitime.pom.TaskListPage.getNewCustomerOption(TaskListPage.java:41)
at com.actitime.pom.TaskListPage.getNewCustomerOption(TaskListPage.java:41)
at com.actitime.pom.TaskListPage.getNewCustomerOption(TaskListPage.java:41)
at com.actitime.pom.TaskListPage.getNewCustomerOption(TaskListPage.java:41)
at com.actitime.pom.TaskListPage.getNewCustomerOption(TaskListPage.java:41)
at com.actitime.pom.TaskListPage.getNewCustomerOption(TaskListPage.java:41)
at com.actitime.pom.TaskListPage.getNewCustomerOption(TaskListPage.java:41)
at com.actitime.pom.TaskListPage.getNewCustomerOption(TaskListPage.java:41)
at com.actitime.pom.TaskListPage.getNewCustomerOption(TaskListPage.java:41)
at com.actitime.pom.TaskListPage.getNewCustomerOption(TaskListPage.java:41)
at com.actitime.pom.TaskListPage.getNewCustomerOption(TaskListPage.java:41)
at com.actitime.pom.TaskListPage.getNewCustomerOption(TaskListPage.java:41)
at com.actitime.pom.TaskListPage.getNewCustomerOption(TaskListPage.java:41)
at com.actitime.pom.TaskListPage.getNewCustomerOption(TaskListPage.java:41)
at com.actitime.pom.TaskListPage.getNewCustomerOption(TaskListPage.java:41)
at com.actitime.pom.TaskListPage.getNewCustomerOption(TaskListPage.java:41)
at com.actitime.pom.TaskListPage.getNewCustomerOption(TaskListPage.java:41)
at com.actitime.pom.TaskListPage.getNewCustomerOption(TaskListPage.java:41)
at com.actitime.pom.TaskListPage.getNewCustomerOption(TaskListPage.java:41)
at com.actitime.pom.TaskListPage.getNewCustomerOption(TaskListPage.java:41)
at com.actitime.pom.TaskListPage.getNewCustomerOption(TaskListPage.java:41)
at com.actitime.pom.TaskListPage.getNewCustomerOption(TaskListPage.java:41)
at com.actitime.pom.TaskListPage.getNewCustomerOption(TaskListPage.java:41)
at com.actitime.pom.TaskListPage.getNewCustomerOption(TaskListPage.java:41)
at com.actitime.pom.TaskListPage.getNewCustomerOption(TaskListPage.java:41)
at com.actitime.pom.TaskListPage.getNewCustomerOption(TaskListPage.java:41)
at com.actitime.pom.TaskListPage.getNewCustomerOption(TaskListPage.java:41)
at com.actitime.pom.TaskListPage.getNewCustomerOption(TaskListPage.java:41)
at com.actitime.pom.TaskListPage.getNewCustomerOption(TaskListPage.java:41)
at com.actitime.pom.TaskListPage.getNewCustomerOption(TaskListPage.java:41)
at com.actitime.pom.TaskListPage.getNewCustomerOption(TaskListPage.java:41)
at com.actitime.pom.TaskListPage.getNewCustomerOption(TaskListPage.java:41)
at com.actitime.pom.TaskListPage.getNewCustomerOption(TaskListPage.java:41)
at com.actitime.pom.TaskListPage.getNewCustomerOption(TaskListPage.java:41)
at com.actitime.pom.TaskListPage.getNewCustomerOption(TaskListPage.java:41)
at com.actitime.pom.TaskListPage.getNewCustomerOption(TaskListPage.java:41)
at com.actitime.pom.TaskListPage.getNewCustomerOption(TaskListPage.java:41)
at com.actitime.pom.TaskListPage.getNewCustomerOption(TaskListPage.java:41)
at com.actitime.pom.TaskListPage.getNewCustomerOption(TaskListPage.java:41)
at com.actitime.pom.TaskListPage.getNewCustomerOption(TaskListPage.java:41)
at com.actitime.pom.TaskListPage.getNewCustomerOption(TaskListPage.java:41)
at com.actitime.pom.TaskListPage.getNewCustomerOption(TaskListPage.java:41)
at com.actitime.pom.TaskListPage.getNewCustomerOption(TaskListPage.java:41)
at com.actitime.pom.TaskListPage.getNewCustomerOption(TaskListPage.java:41)
at com.actitime.pom.TaskListPage.getNewCustomerOption(TaskListPage.java:41)
at com.actitime.pom.TaskListPage.getNewCustomerOption(TaskListPage.java:41)
at com.actitime.pom.TaskListPage.getNewCustomerOption(TaskListPage.java:41)
at com.actitime.pom.TaskListPage.getNewCustomerOption(TaskListPage.java:41)
at com.actitime.pom.TaskListPage.getNewCustomerOption(TaskListPage.java:41)
at com.actitime.pom.TaskListPage.getNewCustomerOption(TaskListPage.java:41)
at com.actitime.pom.TaskListPage.getNewCustomerOption(TaskListPage.java:41)
at com.actitime.pom.TaskListPage.getNewCustomerOption(TaskListPage.java:41)
at com.actitime.pom.TaskListPage.getNewCustomerOption(TaskListPage.java:41)
at com.actitime.pom.TaskListPage.getNewCustomerOption(TaskListPage.java:41)
at com.actitime.pom.TaskListPage.getNewCustomerOption(TaskListPage.java:41)
at com.actitime.pom.TaskListPage.getNewCustomerOption(TaskListPage.java:41)
at com.actitime.pom.TaskListPage.getNewCustomerOption(TaskListPage.java:41)
at com.actitime.pom.TaskListPage.getNewCustomerOption(TaskListPage.java:41)
at com.actitime.pom.TaskListPage.getNewCustomerOption(TaskListPage.java:41)
at com.actitime.pom.TaskListPage.getNewCustomerOption(TaskListPage.java:41)
at com.actitime.pom.TaskListPage.getNewCustomerOption(TaskListPage.java:41)
at com.actitime.pom.TaskListPage.getNewCustomerOption(TaskListPage.java:41)
at com.actitime.pom.TaskListPage.getNewCustomerOption(TaskListPage.java:41)
at com.actitime.pom.TaskListPage.getNewCustomerOption(TaskListPage.java:41)
at com.actitime.pom.TaskListPage.getNewCustomerOption(TaskListPage.java:41)
at com.actitime.pom.TaskListPage.getNewCustomerOption(TaskListPage.java:41)
at com.actitime.pom.TaskListPage.getNewCustomerOption(TaskListPage.java:41)
at com.actitime.pom.TaskListPage.getNewCustomerOption(TaskListPage.java:41)
at com.actitime.pom.TaskListPage.getNewCustomerOption(TaskListPage.java:41)
at com.actitime.pom.TaskListPage.getNewCustomerOption(TaskListPage.java:41)
at com.actitime.pom.TaskListPage.getNewCustomerOption(TaskListPage.java:41)
]]>
    </error>
  </testcase> <!-- testCreateCustomer -->
  <system-out>
    <![CDATA[Sheet1]]>
  </system-out>
</testsuite> <!-- com.actitime.testscript.CustomerModule -->
